<?xml version='1.0' encoding='UTF-8' ?>
<testsuite name="com.mux.stats.sdk.muxstats.automatedtests.AdsPlaybackTests" tests="6" failures="0" errors="0" skipped="0" time="188.779" timestamp="2020-11-11T22:29:27" hostname="localhost">
  <properties>
    <property name="device" value="Pixel_2_API_27(AVD) - 8.1.0" />
    <property name="flavor" value="R2_11_1" />
    <property name="project" value="automatedtests" />
  </properties>
  <testcase name="testPreRollAndBumperAds" classname="com.mux.stats.sdk.muxstats.automatedtests.AdsPlaybackTests" time="25.968" />
  <testcase name="testLateStatsInit" classname="com.mux.stats.sdk.muxstats.automatedtests.MissusageTests" time="17.529" />
  <testcase name="testVodPlayback" classname="com.mux.stats.sdk.muxstats.automatedtests.PlaybackTests" time="55.529" />
  <testcase name="testRebufferingAndStartupTime" classname="com.mux.stats.sdk.muxstats.automatedtests.PlaybackTests" time="45.149" />
  <testcase name="testRenditionChange" classname="com.mux.stats.sdk.muxstats.automatedtests.RenditionChangeTests" time="20.336" />
  <testcase name="testBackgroundAudioPlayback" classname="com.mux.stats.sdk.muxstats.automatedtests.RunInBackgroundTests" time="22.174" />
</testsuite>